26/09/18 00:40:14-eleonora-proceso-INF-Nº de ciclo: 1
26/09/18 00:41:14-eleonora-proceso-INF-Nº de ciclo: 2
26/09/18 00:42:14-eleonora-proceso-INF-Nº de ciclo: 3
26/09/18 00:43:14-eleonora-proceso-INF-Nº de ciclo: 4
26/09/18 00:44:14-eleonora-proceso-INF-Nº de ciclo: 5
26/09/18 00:45:14-eleonora-proceso-INF-Nº de ciclo: 6
26/09/18 00:46:14-eleonora-proceso-INF-Nº de ciclo: 7
26/09/18 00:47:14-eleonora-proceso-INF-Nº de ciclo: 8
26/09/18 00:48:14-eleonora-proceso-INF-Nº de ciclo: 9
26/09/18 00:49:14-eleonora-proceso-INF-Nº de ciclo: 10
26/09/18 00:50:14-eleonora-proceso-INF-Nº de ciclo: 11
26/09/18 00:51:14-eleonora-proceso-INF-Nº de ciclo: 12
26/09/18 00:52:14-eleonora-proceso-INF-Nº de ciclo: 13
26/09/18 00:53:14-eleonora-proceso-INF-Nº de ciclo: 14
26/09/18 00:54:14-eleonora-proceso-INF-Nº de ciclo: 15
26/09/18 00:55:14-eleonora-proceso-INF-Nº de ciclo: 16
26/09/18 00:56:14-eleonora-proceso-INF-Nº de ciclo: 17
26/09/18 00:57:14-eleonora-proceso-INF-Nº de ciclo: 18
26/09/18 00:58:14-eleonora-proceso-INF-Nº de ciclo: 19
26/09/18 00:59:14-eleonora-proceso-INF-Nº de ciclo: 20
26/09/18 01:00:14-eleonora-proceso-INF-Nº de ciclo: 21
26/09/18 01:01:14-eleonora-proceso-INF-Nº de ciclo: 22
26/09/18 01:02:14-eleonora-proceso-INF-Nº de ciclo: 23
26/09/18 01:03:14-eleonora-proceso-INF-Nº de ciclo: 24
26/09/18 01:04:50-eleonora-proceso-INF-Nº de ciclo: 1
26/09/18 01:07:10-eleonora-proceso-INF-Nº de ciclo: 1
26/09/18 01:07:10-eleonora-proceso-INF-/home/eleonora/CORRIDA/novedades/entergas_01.txt tiene un nombre incorrecto. Ha sido rechazado
26/09/18 01:07:10-eleonora-proceso-INF-/home/eleonora/CORRIDA/novedades/entregas_00.txt tiene un nombre incorrecto. Ha sido rechazado
26/09/18 01:07:10-eleonora-proceso-INF-/home/eleonora/CORRIDA/novedades/entregas 01.txt tiene un nombre incorrecto. Ha sido rechazado
26/09/18 01:07:10-eleonora-proceso-INF-/home/eleonora/CORRIDA/novedades/entregas-01.txt tiene un nombre incorrecto. Ha sido rechazado
26/09/18 01:07:10-eleonora-proceso-INF-/home/eleonora/CORRIDA/novedades/entregas_12.txt tiene un nombre incorrecto. Ha sido rechazado
26/09/18 01:07:10-eleonora-proceso-INF-/home/eleonora/CORRIDA/novedades/entregas_02.pdf tiene un nombre incorrecto. Ha sido rechazado
26/09/18 01:07:10-eleonora-proceso-INF-/home/eleonora/CORRIDA/novedades/entregas_001.txt tiene un nombre incorrecto. Ha sido rechazado
26/09/18 01:07:10-eleonora-proceso-INF-/home/eleonora/CORRIDA/novedades/entregas_13.txt tiene un nombre incorrecto. Ha sido rechazado
26/09/18 01:07:10-eleonora-proceso-INF-/home/eleonora/CORRIDA/novedades/entregas_02.txt está vacio
26/09/18 01:07:10-eleonora-proceso-INF-/home/eleonora/CORRIDA/novedades/entregas_02.txt ha sido rechazado
26/09/18 01:07:10-eleonora-proceso-INF-/home/eleonora/CORRIDA/novedades/entregas_03.txt ha sido aceptado
26/09/18 01:07:10-eleonora-proceso-INF-/home/eleonora/CORRIDA/novedades/entregas_04.txt ha sido aceptado
26/09/18 01:07:10-eleonora-proceso-INF-/home/eleonora/CORRIDA/novedades/entregas_05.txt ha sido aceptado
26/09/18 01:07:10-eleonora-proceso-INF-/home/eleonora/CORRIDA/novedades/entregas_06.txt ha sido aceptado
26/09/18 01:07:10-eleonora-proceso-INF-/home/eleonora/CORRIDA/novedades/entregas_07.txt ha sido aceptado
26/09/18 01:07:10-eleonora-proceso-INF-El trailer de /home/eleonora/CORRIDA/aceptados/entregas_03.txt es correcto
26/09/18 01:07:10-eleonora-proceso-INF-El trailer de /home/eleonora/CORRIDA/aceptados/entregas_04.txt es correcto
26/09/18 01:07:10-eleonora-proceso-INF-El trailer de /home/eleonora/CORRIDA/aceptados/entregas_05.txt es correcto
26/09/18 01:07:10-eleonora-proceso-INF-El trailer de /home/eleonora/CORRIDA/aceptados/entregas_06.txt es correcto
26/09/18 01:07:10-eleonora-proceso-INF-El trailer de /home/eleonora/CORRIDA/aceptados/entregas_07.txt es correcto
26/09/18 01:07:11-eleonora-procesamiento-INF-Se encontro OCA en operadores.txt, activo desde 06 hasta 12
26/09/18 01:07:11-eleonora-procesamiento-INF-Se encontro dupla OCA-1408 en sucursales.txt
26/09/18 01:07:11-eleonora-proceso-INF-Pieza aceptada: 6003443777014 Operador: OCA Codigo Postal: 1408
26/09/18 01:07:11-eleonora-procesamiento-INF-Se encontro RAP en operadores.txt, activo desde 03 hasta 12
26/09/18 01:07:11-eleonora-procesamiento-INF-Se encontro dupla RAP-2820 en sucursales.txt
26/09/18 01:07:11-eleonora-proceso-INF-Pieza aceptada: 6003443799255 Operador: RAP Codigo Postal: 2820
26/09/18 01:07:11-eleonora-proceso-INF-Pieza rechazada: 6003443821496 Operador: AND Codigo Postal: 3260 Motivo: 
26/09/18 01:07:11-eleonora-proceso-INF-Pieza rechazada: 6003443843737 Operador: FAS Codigo Postal: 3200 Motivo: 
26/09/18 01:07:11-eleonora-procesamiento-INF-Se encontro OCA en operadores.txt, activo desde 06 hasta 12
26/09/18 01:07:11-eleonora-procesamiento-INF-Se encontro dupla OCA-1408 en sucursales.txt
26/09/18 01:07:11-eleonora-proceso-INF-Pieza aceptada: 6003443865978 Operador: OCA Codigo Postal: 1408
26/09/18 01:07:11-eleonora-procesamiento-INF-Se encontro RAP en operadores.txt, activo desde 03 hasta 12
26/09/18 01:07:11-eleonora-procesamiento-INF-Se encontro dupla RAP-2820 en sucursales.txt
26/09/18 01:07:11-eleonora-proceso-INF-Pieza aceptada: 6003443888219 Operador: RAP Codigo Postal: 2820
26/09/18 01:07:11-eleonora-proceso-INF-Pieza rechazada: 6003443910460 Operador: AND Codigo Postal: 3260 Motivo: 
26/09/18 01:07:11-eleonora-proceso-INF-Pieza rechazada: 6003443932701 Operador: FAS Codigo Postal: 3200 Motivo: 
26/09/18 01:07:11-eleonora-procesamiento-INF-Se encontro OCA en operadores.txt, activo desde 06 hasta 12
26/09/18 01:07:11-eleonora-procesamiento-INF-Se encontro dupla OCA-1838 en sucursales.txt
26/09/18 01:07:11-eleonora-proceso-INF-Pieza aceptada: 6003443954942 Operador: OCA Codigo Postal: 1838
26/09/18 01:07:11-eleonora-procesamiento-INF-Se encontro RAP en operadores.txt, activo desde 03 hasta 12
26/09/18 01:07:11-eleonora-procesamiento-INF-Se encontro dupla RAP-2820 en sucursales.txt
26/09/18 01:07:11-eleonora-proceso-INF-Pieza aceptada: 6003443977183 Operador: RAP Codigo Postal: 2820
26/09/18 01:07:11-eleonora-proceso-INF-Pieza rechazada: 263132 Operador: AND Codigo Postal: 1427 Motivo: 
26/09/18 01:07:11-eleonora-proceso-INF-Pieza rechazada: 3777890 Operador: FAS Codigo Postal: 1141 Motivo: 
26/09/18 01:07:11-eleonora-procesamiento-INF-Se encontro OCA en operadores.txt, activo desde 06 hasta 12
26/09/18 01:07:11-eleonora-procesamiento-INF-Se encontro dupla OCA-1408 en sucursales.txt
26/09/18 01:07:11-eleonora-proceso-INF-Pieza aceptada: 3781224 Operador: OCA Codigo Postal: 1408
26/09/18 01:07:11-eleonora-proceso-INF-Pieza rechazada: 6003443999424 Operador: AND Codigo Postal: 6360 Motivo: 
26/09/18 01:07:11-eleonora-proceso-INF-Pieza rechazada: 6003444021665 Operador: FAS Codigo Postal: 3200 Motivo: 
26/09/18 01:07:11-eleonora-procesamiento-INF-Se encontro OCA en operadores.txt, activo desde 06 hasta 12
26/09/18 01:07:11-eleonora-procesamiento-INF-Se encontro dupla OCA-1838 en sucursales.txt
26/09/18 01:07:11-eleonora-proceso-INF-Pieza aceptada: 6003444043906 Operador: OCA Codigo Postal: 1838
26/09/18 01:07:11-eleonora-procesamiento-INF-Se encontro RAP en operadores.txt, activo desde 03 hasta 12
26/09/18 01:07:11-eleonora-procesamiento-INF-Se encontro dupla RAP-2820 en sucursales.txt
26/09/18 01:07:11-eleonora-proceso-INF-Pieza aceptada: 6003444066147 Operador: RAP Codigo Postal: 2820
26/09/18 01:07:11-eleonora-proceso-INF-Pieza rechazada: 6003444088388 Operador: AND Codigo Postal: 6360 Motivo: 
26/09/18 01:07:11-eleonora-proceso-INF-Pieza rechazada: 6003444110629 Operador: FAS Codigo Postal: 3200 Motivo: 
26/09/18 01:07:11-eleonora-proceso-INF-Pieza rechazada: 3787892 Operador: AND Codigo Postal: 1427 Motivo: 
26/09/18 01:07:11-eleonora-proceso-INF-Pieza rechazada: 3791226 Operador: FAS Codigo Postal: 1141 Motivo: 
26/09/18 01:07:11-eleonora-procesamiento-INF-Se encontro OCA en operadores.txt, activo desde 06 hasta 12
26/09/18 01:07:11-eleonora-procesamiento-INF-Se encontro dupla OCA-1405 en sucursales.txt
26/09/18 01:07:11-eleonora-proceso-INF-Pieza aceptada: 3794560 Operador: OCA Codigo Postal: 1405
26/09/18 01:07:11-eleonora-procesamiento-INF-Se encontro OCA en operadores.txt, activo desde 06 hasta 12
26/09/18 01:07:11-eleonora-procesamiento-INF-Se encontro dupla OCA-1827 en sucursales.txt
26/09/18 01:07:11-eleonora-proceso-INF-Pieza aceptada: 6003444132870 Operador: OCA Codigo Postal: 1827
26/09/18 01:07:11-eleonora-procesamiento-INF-Se encontro RAP en operadores.txt, activo desde 03 hasta 12
26/09/18 01:07:11-eleonora-procesamiento-INF-Se encontro dupla RAP-2820 en sucursales.txt
26/09/18 01:07:11-eleonora-proceso-INF-Pieza aceptada: 6003444155111 Operador: RAP Codigo Postal: 2820
26/09/18 01:07:12-eleonora-proceso-INF-Pieza rechazada: 6003444177352 Operador: AND Codigo Postal: 6360 Motivo: 
26/09/18 01:07:12-eleonora-proceso-INF-Pieza rechazada: 6003444199593 Operador: FAS Codigo Postal: 3200 Motivo: 
26/09/18 01:07:12-eleonora-procesamiento-INF-Se encontro OCA en operadores.txt, activo desde 06 hasta 12
26/09/18 01:07:12-eleonora-procesamiento-INF-Se encontro dupla OCA-1827 en sucursales.txt
26/09/18 01:07:12-eleonora-proceso-INF-Pieza aceptada: 6003444221834 Operador: OCA Codigo Postal: 1827
26/09/18 01:07:12-eleonora-procesamiento-INF-Se encontro RAP en operadores.txt, activo desde 03 hasta 12
26/09/18 01:07:12-eleonora-procesamiento-INF-Se encontro dupla RAP-2322 en sucursales.txt
26/09/18 01:07:12-eleonora-proceso-INF-Pieza aceptada: 6003444244075 Operador: RAP Codigo Postal: 2322
26/09/18 01:07:12-eleonora-proceso-INF-Pieza rechazada: 6003444266316 Operador: AND Codigo Postal: 2200 Motivo: 
26/09/18 01:07:12-eleonora-proceso-INF-Pieza rechazada: 6003444288557 Operador: FAS Codigo Postal: 3200 Motivo: 
26/09/18 01:07:12-eleonora-procesamiento-INF-Se encontro OCA en operadores.txt, activo desde 06 hasta 12
26/09/18 01:07:12-eleonora-procesamiento-INF-Se encontro dupla OCA-1827 en sucursales.txt
26/09/18 01:07:12-eleonora-proceso-INF-Pieza aceptada: 6003444310798 Operador: OCA Codigo Postal: 1827
26/09/18 01:07:12-eleonora-proceso-INF-Pieza rechazada:  Operador:  Codigo Postal: 83344 Motivo: Su operador no se encuentra en el archivo de operadores
26/09/18 01:07:12-eleonora-procesamiento-INF-Se encontro OCA en operadores.txt, activo desde 06 hasta 12
26/09/18 01:07:12-eleonora-procesamiento-INF-Se encontro dupla OCA-1408 en sucursales.txt
26/09/18 01:07:12-eleonora-proceso-INF-Pieza aceptada: 6003443777014 Operador: OCA Codigo Postal: 1408
26/09/18 01:07:12-eleonora-procesamiento-INF-Se encontro RAP en operadores.txt, activo desde 03 hasta 12
26/09/18 01:07:12-eleonora-procesamiento-INF-Se encontro dupla RAP-2820 en sucursales.txt
26/09/18 01:07:12-eleonora-proceso-INF-Pieza aceptada: 6003443799255 Operador: RAP Codigo Postal: 2820
26/09/18 01:07:12-eleonora-proceso-INF-Pieza rechazada: 6003443821496 Operador: AND Codigo Postal: 3260 Motivo: Su operador no se encuentra en el archivo de operadores
26/09/18 01:07:12-eleonora-proceso-INF-Pieza rechazada: 6003443843737 Operador: FAS Codigo Postal: 3200 Motivo: Su operador no se encuentra en el archivo de operadores
26/09/18 01:07:12-eleonora-procesamiento-INF-Se encontro OCA en operadores.txt, activo desde 06 hasta 12
26/09/18 01:07:12-eleonora-procesamiento-INF-Se encontro dupla OCA-1408 en sucursales.txt
26/09/18 01:07:12-eleonora-proceso-INF-Pieza aceptada: 6003443865978 Operador: OCA Codigo Postal: 1408
26/09/18 01:07:12-eleonora-procesamiento-INF-Se encontro RAP en operadores.txt, activo desde 03 hasta 12
26/09/18 01:07:12-eleonora-procesamiento-INF-Se encontro dupla RAP-2820 en sucursales.txt
26/09/18 01:07:12-eleonora-proceso-INF-Pieza aceptada: 6003443888219 Operador: RAP Codigo Postal: 2820
26/09/18 01:07:12-eleonora-proceso-INF-Pieza rechazada: 6003443910460 Operador: AND Codigo Postal: 3260 Motivo: Su operador no se encuentra en el archivo de operadores
26/09/18 01:07:12-eleonora-proceso-INF-Pieza rechazada: 6003443932701 Operador: FAS Codigo Postal: 3200 Motivo: Su operador no se encuentra en el archivo de operadores
26/09/18 01:07:12-eleonora-procesamiento-INF-Se encontro OCA en operadores.txt, activo desde 06 hasta 12
26/09/18 01:07:12-eleonora-procesamiento-INF-Se encontro dupla OCA-1838 en sucursales.txt
26/09/18 01:07:12-eleonora-proceso-INF-Pieza aceptada: 6003443954942 Operador: OCA Codigo Postal: 1838
26/09/18 01:07:12-eleonora-procesamiento-INF-Se encontro RAP en operadores.txt, activo desde 03 hasta 12
26/09/18 01:07:12-eleonora-procesamiento-INF-Se encontro dupla RAP-2820 en sucursales.txt
26/09/18 01:07:12-eleonora-proceso-INF-Pieza aceptada: 6003443977183 Operador: RAP Codigo Postal: 2820
26/09/18 01:07:12-eleonora-proceso-INF-Pieza rechazada: 263132 Operador: AND Codigo Postal: 1427 Motivo: Su operador no se encuentra en el archivo de operadores
26/09/18 01:07:12-eleonora-proceso-INF-Pieza rechazada: 3777890 Operador: FAS Codigo Postal: 1141 Motivo: Su operador no se encuentra en el archivo de operadores
26/09/18 01:07:12-eleonora-procesamiento-INF-Se encontro OCA en operadores.txt, activo desde 06 hasta 12
26/09/18 01:07:12-eleonora-procesamiento-INF-Se encontro dupla OCA-1408 en sucursales.txt
26/09/18 01:07:12-eleonora-proceso-INF-Pieza aceptada: 3781224 Operador: OCA Codigo Postal: 1408
26/09/18 01:07:12-eleonora-proceso-INF-Pieza rechazada: 6003443999424 Operador: AND Codigo Postal: 6360 Motivo: Su operador no se encuentra en el archivo de operadores
26/09/18 01:07:12-eleonora-proceso-INF-Pieza rechazada: 6003444021665 Operador: FAS Codigo Postal: 3200 Motivo: Su operador no se encuentra en el archivo de operadores
26/09/18 01:07:12-eleonora-procesamiento-INF-Se encontro OCA en operadores.txt, activo desde 06 hasta 12
26/09/18 01:07:12-eleonora-procesamiento-INF-Se encontro dupla OCA-1838 en sucursales.txt
26/09/18 01:07:12-eleonora-proceso-INF-Pieza aceptada: 6003444043906 Operador: OCA Codigo Postal: 1838
26/09/18 01:07:12-eleonora-procesamiento-INF-Se encontro RAP en operadores.txt, activo desde 03 hasta 12
26/09/18 01:07:12-eleonora-procesamiento-INF-Se encontro dupla RAP-2820 en sucursales.txt
26/09/18 01:07:12-eleonora-proceso-INF-Pieza aceptada: 6003444066147 Operador: RAP Codigo Postal: 2820
26/09/18 01:07:12-eleonora-proceso-INF-Pieza rechazada: 6003444088388 Operador: AND Codigo Postal: 6360 Motivo: Su operador no se encuentra en el archivo de operadores
26/09/18 01:07:13-eleonora-proceso-INF-Pieza rechazada: 6003444110629 Operador: FAS Codigo Postal: 3200 Motivo: Su operador no se encuentra en el archivo de operadores
26/09/18 01:07:13-eleonora-proceso-INF-Pieza rechazada: 3787892 Operador: AND Codigo Postal: 1427 Motivo: Su operador no se encuentra en el archivo de operadores
26/09/18 01:07:13-eleonora-proceso-INF-Pieza rechazada: 3791226 Operador: FAS Codigo Postal: 1141 Motivo: Su operador no se encuentra en el archivo de operadores
26/09/18 01:07:13-eleonora-procesamiento-INF-Se encontro OCA en operadores.txt, activo desde 06 hasta 12
26/09/18 01:07:13-eleonora-procesamiento-INF-Se encontro dupla OCA-1405 en sucursales.txt
26/09/18 01:07:13-eleonora-proceso-INF-Pieza aceptada: 3794560 Operador: OCA Codigo Postal: 1405
26/09/18 01:07:13-eleonora-procesamiento-INF-Se encontro OCA en operadores.txt, activo desde 06 hasta 12
26/09/18 01:07:13-eleonora-procesamiento-INF-Se encontro dupla OCA-1827 en sucursales.txt
26/09/18 01:07:13-eleonora-proceso-INF-Pieza aceptada: 6003444132870 Operador: OCA Codigo Postal: 1827
26/09/18 01:07:13-eleonora-procesamiento-INF-Se encontro RAP en operadores.txt, activo desde 03 hasta 12
26/09/18 01:07:13-eleonora-procesamiento-INF-Se encontro dupla RAP-2820 en sucursales.txt
26/09/18 01:07:13-eleonora-proceso-INF-Pieza aceptada: 6003444155111 Operador: RAP Codigo Postal: 2820
26/09/18 01:07:13-eleonora-proceso-INF-Pieza rechazada: 6003444177352 Operador: AND Codigo Postal: 6360 Motivo: Su operador no se encuentra en el archivo de operadores
26/09/18 01:07:13-eleonora-proceso-INF-Pieza rechazada: 6003444199593 Operador: FAS Codigo Postal: 3200 Motivo: Su operador no se encuentra en el archivo de operadores
26/09/18 01:07:13-eleonora-procesamiento-INF-Se encontro OCA en operadores.txt, activo desde 06 hasta 12
26/09/18 01:07:13-eleonora-procesamiento-INF-Se encontro dupla OCA-1827 en sucursales.txt
26/09/18 01:07:13-eleonora-proceso-INF-Pieza aceptada: 6003444221834 Operador: OCA Codigo Postal: 1827
26/09/18 01:07:13-eleonora-procesamiento-INF-Se encontro RAP en operadores.txt, activo desde 03 hasta 12
26/09/18 01:07:13-eleonora-procesamiento-INF-Se encontro dupla RAP-2322 en sucursales.txt
26/09/18 01:07:13-eleonora-proceso-INF-Pieza aceptada: 6003444244075 Operador: RAP Codigo Postal: 2322
26/09/18 01:07:13-eleonora-proceso-INF-Pieza rechazada: 6003444266316 Operador: AND Codigo Postal: 2200 Motivo: Su operador no se encuentra en el archivo de operadores
26/09/18 01:07:13-eleonora-proceso-INF-Pieza rechazada: 6003444288557 Operador: FAS Codigo Postal: 3200 Motivo: Su operador no se encuentra en el archivo de operadores
26/09/18 01:07:13-eleonora-procesamiento-INF-Se encontro OCA en operadores.txt, activo desde 06 hasta 12
26/09/18 01:07:13-eleonora-procesamiento-INF-Se encontro dupla OCA-1827 en sucursales.txt
26/09/18 01:07:13-eleonora-proceso-INF-Pieza aceptada: 6003444310798 Operador: OCA Codigo Postal: 1827
26/09/18 01:07:13-eleonora-proceso-INF-Pieza rechazada:  Operador:  Codigo Postal: 83344 Motivo: Su operador no se encuentra en el archivo de operadores
26/09/18 01:07:13-eleonora-procesamiento-INF-Se encontro RAP en operadores.txt, activo desde 03 hasta 12
26/09/18 01:07:13-eleonora-procesamiento-INF-Se encontro dupla RAP-2322 en sucursales.txt
26/09/18 01:07:13-eleonora-proceso-INF-Pieza aceptada: 6003444333039 Operador: RAP Codigo Postal: 2322
26/09/18 01:07:13-eleonora-proceso-INF-Pieza rechazada: 6003444355280 Operador: AND Codigo Postal: 2200 Motivo: Su operador no se encuentra en el archivo de operadores
26/09/18 01:07:13-eleonora-proceso-INF-Pieza rechazada: 6003444377521 Operador: FAS Codigo Postal: 3000 Motivo: Su operador no se encuentra en el archivo de operadores
26/09/18 01:07:13-eleonora-procesamiento-INF-Se encontro OCA en operadores.txt, activo desde 06 hasta 12
26/09/18 01:07:13-eleonora-procesamiento-INF-Se encontro dupla OCA-1888 en sucursales.txt
26/09/18 01:07:13-eleonora-proceso-INF-Pieza aceptada: 6003444399762 Operador: OCA Codigo Postal: 1888
26/09/18 01:07:13-eleonora-procesamiento-INF-Se encontro RAP en operadores.txt, activo desde 03 hasta 12
26/09/18 01:07:13-eleonora-procesamiento-INF-Se encontro dupla RAP-2322 en sucursales.txt
26/09/18 01:07:13-eleonora-proceso-INF-Pieza aceptada: 6003444422003 Operador: RAP Codigo Postal: 2322
26/09/18 01:07:13-eleonora-proceso-INF-Pieza rechazada: 6003444444244 Operador: AND Codigo Postal: 2200 Motivo: Su operador no se encuentra en el archivo de operadores
26/09/18 01:07:13-eleonora-procesamiento-INF-Se encontro OCA en operadores.txt, activo desde 06 hasta 12
26/09/18 01:07:13-eleonora-procesamiento-INF-Se encontro dupla OCA-1405 en sucursales.txt
26/09/18 01:07:13-eleonora-proceso-INF-Pieza aceptada: 6003443243230 Operador: OCA Codigo Postal: 1405
26/09/18 01:07:13-eleonora-proceso-INF-Pieza rechazada: 6003444466485 Operador: FAS Codigo Postal: 3000 Motivo: Su operador no se encuentra en el archivo de operadores
26/09/18 01:07:13-eleonora-procesamiento-INF-Se encontro OCA en operadores.txt, activo desde 06 hasta 12
26/09/18 01:07:13-eleonora-procesamiento-INF-Se encontro dupla OCA-3100 en sucursales.txt
26/09/18 01:07:13-eleonora-proceso-INF-Pieza aceptada: 6003444488726 Operador: OCA Codigo Postal: 3100
26/09/18 01:07:13-eleonora-procesamiento-INF-Se encontro RAP en operadores.txt, activo desde 03 hasta 12
26/09/18 01:07:13-eleonora-procesamiento-INF-Se encontro dupla RAP-2600 en sucursales.txt
26/09/18 01:07:13-eleonora-proceso-INF-Pieza aceptada: 6003444510967 Operador: RAP Codigo Postal: 2600
26/09/18 01:07:13-eleonora-proceso-INF-Pieza rechazada: 6003444533208 Operador: AND Codigo Postal: 2300 Motivo: Su operador no se encuentra en el archivo de operadores
26/09/18 01:07:14-eleonora-proceso-INF-Pieza rechazada: 3801228 Operador: AND Codigo Postal: 1408 Motivo: Su operador no se encuentra en el archivo de operadores
26/09/18 01:07:14-eleonora-proceso-INF-Pieza rechazada: 3804562 Operador: FAS Codigo Postal: 1408 Motivo: Su operador no se encuentra en el archivo de operadores
26/09/18 01:07:14-eleonora-procesamiento-INF-Se encontro OCA en operadores.txt, activo desde 06 hasta 12
26/09/18 01:07:14-eleonora-procesamiento-INF-Se encontro dupla OCA-1405 en sucursales.txt
26/09/18 01:07:14-eleonora-proceso-INF-Pieza aceptada: 3807896 Operador: OCA Codigo Postal: 1405
26/09/18 01:07:14-eleonora-proceso-INF-Pieza rechazada: 6003444555449 Operador: FAS Codigo Postal: 3560 Motivo: Su operador no se encuentra en el archivo de operadores
26/09/18 01:07:14-eleonora-procesamiento-INF-Se encontro OCA en operadores.txt, activo desde 06 hasta 12
26/09/18 01:07:14-eleonora-procesamiento-INF-Se encontro dupla OCA-3100 en sucursales.txt
26/09/18 01:07:14-eleonora-proceso-INF-Pieza aceptada: 6003444577690 Operador: OCA Codigo Postal: 3100
26/09/18 01:07:14-eleonora-procesamiento-INF-Se encontro RAP en operadores.txt, activo desde 03 hasta 12
26/09/18 01:07:14-eleonora-procesamiento-INF-Se encontro dupla RAP-1010 en sucursales.txt
26/09/18 01:07:14-eleonora-proceso-INF-Pieza aceptada: 5401300 Operador: RAP Codigo Postal: 1010
26/09/18 01:07:14-eleonora-proceso-INF-Pieza rechazada: 5404634 Operador: AND Codigo Postal: 6620 Motivo: Su operador no se encuentra en el archivo de operadores
26/09/18 01:07:14-eleonora-proceso-INF-Pieza rechazada: 5407968 Operador: FAS Codigo Postal: 7100 Motivo: Su operador no se encuentra en el archivo de operadores
26/09/18 01:07:14-eleonora-procesamiento-INF-Se encontro RAP en operadores.txt, activo desde 03 hasta 12
26/09/18 01:07:14-eleonora-procesamiento-INF-Se encontro dupla RAP-2600 en sucursales.txt
26/09/18 01:07:14-eleonora-proceso-INF-Pieza aceptada: 6003444599931 Operador: RAP Codigo Postal: 2600
26/09/18 01:07:14-eleonora-proceso-INF-Pieza rechazada: 6003444622172 Operador: AND Codigo Postal: 2300 Motivo: Su operador no se encuentra en el archivo de operadores
26/09/18 01:07:14-eleonora-proceso-INF-Pieza rechazada: 6003444644413 Operador: FAS Codigo Postal: 3560 Motivo: Su operador no se encuentra en el archivo de operadores
26/09/18 01:07:14-eleonora-procesamiento-INF-Se encontro OCA en operadores.txt, activo desde 06 hasta 12
26/09/18 01:07:14-eleonora-procesamiento-INF-Se encontro dupla OCA-6300 en sucursales.txt
26/09/18 01:07:14-eleonora-proceso-INF-Pieza aceptada: 6003444666654 Operador: OCA Codigo Postal: 6300
26/09/18 01:07:14-eleonora-procesamiento-INF-Se encontro RAP en operadores.txt, activo desde 03 hasta 12
26/09/18 01:07:14-eleonora-procesamiento-INF-Se encontro dupla RAP-2600 en sucursales.txt
26/09/18 01:07:14-eleonora-proceso-INF-Pieza aceptada: 6003444688895 Operador: RAP Codigo Postal: 2600
26/09/18 01:07:14-eleonora-proceso-INF-Pieza rechazada:  Operador:  Codigo Postal: 69308 Motivo: Su operador no se encuentra en el archivo de operadores
26/09/18 01:07:14-eleonora-procesamiento-INF-Se encontro OCA en operadores.txt, activo desde 06 hasta 12
26/09/18 01:07:14-eleonora-procesamiento-INF-Se encontro dupla OCA-1405 en sucursales.txt
26/09/18 01:07:14-eleonora-proceso-INF-Pieza aceptada: 6003443421158 Operador: OCA Codigo Postal: 1405
26/09/18 01:07:14-eleonora-procesamiento-INF-Se encontro RAP en operadores.txt, activo desde 03 hasta 12
26/09/18 01:07:14-eleonora-procesamiento-INF-Se encontro dupla RAP-2701 en sucursales.txt
26/09/18 01:07:14-eleonora-proceso-INF-Pieza aceptada: 6003443443399 Operador: RAP Codigo Postal: 2701
26/09/18 01:07:14-eleonora-proceso-INF-Pieza rechazada: 6003443465640 Operador: AND Codigo Postal: 6740 Motivo: Su operador no se encuentra en el archivo de operadores
26/09/18 01:07:14-eleonora-proceso-INF-Pieza rechazada: 6003443487881 Operador: FAS Codigo Postal: 7240 Motivo: Su operador no se encuentra en el archivo de operadores
26/09/18 01:07:14-eleonora-procesamiento-INF-Se encontro OCA en operadores.txt, activo desde 06 hasta 12
26/09/18 01:07:14-eleonora-procesamiento-INF-Se encontro dupla OCA-1408 en sucursales.txt
26/09/18 01:07:14-eleonora-proceso-INF-Pieza aceptada: 6003443510122 Operador: OCA Codigo Postal: 1408
26/09/18 01:07:14-eleonora-procesamiento-INF-Se encontro RAP en operadores.txt, activo desde 03 hasta 12
26/09/18 01:07:14-eleonora-procesamiento-INF-Se encontro dupla RAP-2701 en sucursales.txt
26/09/18 01:07:14-eleonora-proceso-INF-Pieza aceptada: 6003443532363 Operador: RAP Codigo Postal: 2701
26/09/18 01:07:14-eleonora-proceso-INF-Pieza rechazada: 6003443554604 Operador: AND Codigo Postal: 6740 Motivo: Su operador no se encuentra en el archivo de operadores
26/09/18 01:07:14-eleonora-proceso-INF-Pieza rechazada: 6003443576845 Operador: FAS Codigo Postal: 7240 Motivo: Su operador no se encuentra en el archivo de operadores
26/09/18 01:07:14-eleonora-procesamiento-INF-Se encontro RAP en operadores.txt, activo desde 03 hasta 12
26/09/18 01:07:14-eleonora-procesamiento-INF-Se encontro dupla RAP-1010 en sucursales.txt
26/09/18 01:07:14-eleonora-proceso-INF-Pieza aceptada: 133125 Operador: RAP Codigo Postal: 1010
26/09/18 01:07:14-eleonora-proceso-INF-Pieza rechazada: 239794 Operador: FAS Codigo Postal: 1141 Motivo: Su operador no se encuentra en el archivo de operadores
26/09/18 01:07:14-eleonora-procesamiento-INF-Se encontro OCA en operadores.txt, activo desde 06 hasta 12
26/09/18 01:07:14-eleonora-procesamiento-INF-Se encontro dupla OCA-1405 en sucursales.txt
26/09/18 01:07:14-eleonora-proceso-INF-Pieza aceptada: 243128 Operador: OCA Codigo Postal: 1405
26/09/18 01:07:15-eleonora-procesamiento-INF-Se encontro RAP en operadores.txt, activo desde 03 hasta 12
26/09/18 01:07:15-eleonora-procesamiento-INF-Se encontro dupla RAP-1010 en sucursales.txt
26/09/18 01:07:15-eleonora-proceso-INF-Pieza aceptada: 246462 Operador: RAP Codigo Postal: 1010
26/09/18 01:07:15-eleonora-procesamiento-INF-Se encontro OCA en operadores.txt, activo desde 06 hasta 12
26/09/18 01:07:15-eleonora-procesamiento-INF-Se encontro dupla OCA-1408 en sucursales.txt
26/09/18 01:07:15-eleonora-proceso-INF-Pieza aceptada: 6003443599086 Operador: OCA Codigo Postal: 1408
26/09/18 01:07:15-eleonora-procesamiento-INF-Se encontro RAP en operadores.txt, activo desde 03 hasta 12
26/09/18 01:07:15-eleonora-procesamiento-INF-Se encontro dupla RAP-2701 en sucursales.txt
26/09/18 01:07:15-eleonora-proceso-INF-Pieza aceptada: 6003443621327 Operador: RAP Codigo Postal: 2701
26/09/18 01:07:15-eleonora-proceso-INF-Pieza rechazada: 6003443643568 Operador: AND Codigo Postal: 6740 Motivo: Su operador no se encuentra en el archivo de operadores
26/09/18 01:07:15-eleonora-proceso-INF-Pieza rechazada: 6003443665809 Operador: FAS Codigo Postal: 7240 Motivo: Su operador no se encuentra en el archivo de operadores
26/09/18 01:07:15-eleonora-procesamiento-INF-Se encontro OCA en operadores.txt, activo desde 06 hasta 12
26/09/18 01:07:15-eleonora-procesamiento-INF-Se encontro dupla OCA-1408 en sucursales.txt
26/09/18 01:07:15-eleonora-proceso-INF-Pieza aceptada: 6003443688050 Operador: OCA Codigo Postal: 1408
26/09/18 01:07:15-eleonora-proceso-INF-Pieza rechazada: 249796 Operador: AND Codigo Postal: 1427 Motivo: Su operador no se encuentra en el archivo de operadores
26/09/18 01:07:15-eleonora-proceso-INF-Pieza rechazada: 253130 Operador: FAS Codigo Postal: 1141 Motivo: Su operador no se encuentra en el archivo de operadores
26/09/18 01:07:15-eleonora-procesamiento-INF-Se encontro RAP en operadores.txt, activo desde 03 hasta 12
26/09/18 01:07:15-eleonora-procesamiento-INF-Se encontro dupla RAP-1010 en sucursales.txt
26/09/18 01:07:15-eleonora-proceso-INF-Pieza aceptada: 259798 Operador: RAP Codigo Postal: 1010
26/09/18 01:07:15-eleonora-procesamiento-INF-Se encontro RAP en operadores.txt, activo desde 03 hasta 12
26/09/18 01:07:15-eleonora-procesamiento-INF-Se encontro dupla RAP-2820 en sucursales.txt
26/09/18 01:07:15-eleonora-proceso-INF-Pieza aceptada: 6003443710291 Operador: RAP Codigo Postal: 2820
26/09/18 01:07:15-eleonora-proceso-INF-Pieza rechazada: 6003443732532 Operador: AND Codigo Postal: 3260 Motivo: Su operador no se encuentra en el archivo de operadores
26/09/18 01:07:15-eleonora-proceso-INF-Pieza rechazada: 6003443754773 Operador: FAS Codigo Postal: 3200 Motivo: Su operador no se encuentra en el archivo de operadores
26/09/18 01:07:15-eleonora-proceso-INF-Pieza rechazada:  Operador:  Codigo Postal: 73096 Motivo: Su operador no se encuentra en el archivo de operadores
26/09/18 01:07:15-eleonora-proceso-INF-Pieza rechazada: 6003444711136 Operador: AND Codigo Postal: 2300 Motivo: Su operador no se encuentra en el archivo de operadores
26/09/18 01:07:15-eleonora-proceso-INF-Pieza rechazada: 6003444733377 Operador: FAS Codigo Postal: 3560 Motivo: Su operador no se encuentra en el archivo de operadores
26/09/18 01:07:15-eleonora-procesamiento-INF-Se encontro OCA en operadores.txt, activo desde 06 hasta 12
26/09/18 01:07:15-eleonora-procesamiento-INF-Se encontro dupla OCA-2000 en sucursales.txt
26/09/18 01:07:15-eleonora-proceso-INF-Pieza aceptada: 6003444755618 Operador: OCA Codigo Postal: 2000
26/09/18 01:07:15-eleonora-procesamiento-INF-Se encontro RAP en operadores.txt, activo desde 03 hasta 12
26/09/18 01:07:15-eleonora-procesamiento-INF-Se encontro dupla RAP-2600 en sucursales.txt
26/09/18 01:07:15-eleonora-proceso-INF-Pieza aceptada: 6003444777859 Operador: RAP Codigo Postal: 2600
26/09/18 01:07:15-eleonora-procesamiento-INF-Se encontro OCA en operadores.txt, activo desde 06 hasta 12
26/09/18 01:07:15-eleonora-procesamiento-INF-Se encontro dupla OCA-1405 en sucursales.txt
26/09/18 01:07:15-eleonora-proceso-INF-Pieza aceptada: 5411302 Operador: OCA Codigo Postal: 1405
26/09/18 01:07:15-eleonora-procesamiento-INF-Se encontro RAP en operadores.txt, activo desde 03 hasta 12
26/09/18 01:07:15-eleonora-procesamiento-INF-Se encontro dupla RAP-1010 en sucursales.txt
26/09/18 01:07:15-eleonora-proceso-INF-Pieza aceptada: 5414636 Operador: RAP Codigo Postal: 1010
26/09/18 01:07:15-eleonora-proceso-INF-Pieza rechazada: 5417970 Operador: AND Codigo Postal: 6620 Motivo: Su operador no se encuentra en el archivo de operadores
26/09/18 01:07:15-eleonora-proceso-INF-Pieza rechazada: 5421304 Operador: FAS Codigo Postal: 7100 Motivo: Su operador no se encuentra en el archivo de operadores
26/09/18 01:07:15-eleonora-procesamiento-INF-Se encontro OCA en operadores.txt, activo desde 06 hasta 12
26/09/18 01:07:15-eleonora-procesamiento-INF-Se encontro dupla OCA-2000 en sucursales.txt
26/09/18 01:07:15-eleonora-proceso-INF-Pieza aceptada: 6003444800100 Operador: OCA Codigo Postal: 2000
26/09/18 01:07:15-eleonora-proceso-INF-Pieza rechazada:  Operador:  Codigo Postal: 28595 Motivo: Su operador no se encuentra en el archivo de operadores
